<?xml version="1.0" encoding="UTF-8"?>
<testng-results skipped="0" failed="0" total="2" passed="2">
  <reporter-output>
  </reporter-output>
  <suite name="Default suite" duration-ms="51" started-at="2020-02-13T00:49:38Z" finished-at="2020-02-13T00:49:38Z">
    <groups>
    </groups>
    <test name="Default test" duration-ms="51" started-at="2020-02-13T00:49:38Z" finished-at="2020-02-13T00:49:38Z">
      <class name="HackerRankTests.HackerRankTestCases">
        <test-method status="PASS" signature="convertStringTest()[pri:0, instance:HackerRankTests.HackerRankTestCases@48eff760]" name="convertStringTest" duration-ms="19" started-at="2020-02-12T16:49:38Z" finished-at="2020-02-12T16:49:38Z">
          <reporter-output>
          </reporter-output>
        </test-method> <!-- convertStringTest -->
        <test-method status="PASS" signature="dataTypes_Test()[pri:0, instance:HackerRankTests.HackerRankTestCases@48eff760]" name="dataTypes_Test" duration-ms="4" started-at="2020-02-12T16:49:38Z" finished-at="2020-02-12T16:49:38Z">
          <reporter-output>
          </reporter-output>
        </test-method> <!-- dataTypes_Test -->
      </class> <!-- HackerRankTests.HackerRankTestCases -->
    </test> <!-- Default test -->
  </suite> <!-- Default suite -->
</testng-results>
