<?xml version="1.0" encoding="UTF-8"?>
<testng-results skipped="0" failed="0" total="1" passed="1">
  <reporter-output>
  </reporter-output>
  <suite name="Default suite" duration-ms="60" started-at="2020-02-17T19:41:39Z" finished-at="2020-02-17T19:41:39Z">
    <groups>
    </groups>
    <test name="Default test" duration-ms="60" started-at="2020-02-17T19:41:39Z" finished-at="2020-02-17T19:41:39Z">
      <class name="HackerRankTests.HackerRankTestCases">
        <test-method status="PASS" signature="FibinocciNR_Test()[pri:0, instance:HackerRankTests.HackerRankTestCases@402f32ff]" name="FibinocciNR_Test" duration-ms="24" started-at="2020-02-17T11:41:39Z" finished-at="2020-02-17T11:41:39Z">
          <reporter-output>
          </reporter-output>
        </test-method> <!-- FibinocciNR_Test -->
      </class> <!-- HackerRankTests.HackerRankTestCases -->
    </test> <!-- Default test -->
  </suite> <!-- Default suite -->
</testng-results>
